<?xml version="1.0" encoding="UTF-8"?>
<!-- Generated by org.testng.reporters.JUnitReportReporter -->
<testsuite hostname="ImransDell" failures="0" tests="1" name="com.example.socialmedia.Facebook" time="19.950" errors="0" timestamp="2023-11-07T11:58:18 IST" skipped="0">
  <testcase classname="com.example.socialmedia.Facebook" name="uploadImageOnFacebook" time="19.950"/>
  <system-out/>
</testsuite> <!-- com.example.socialmedia.Facebook -->
