<?xml version="1.0" encoding="UTF-8"?>
<!-- Generated by org.testng.reporters.JUnitReportReporter -->
<testsuite hostname="ImransDell" failures="0" tests="1" name="com.example.instagram.Instagram" time="22.798" errors="0" timestamp="2023-11-02T12:07:58 IST" skipped="0">
  <testcase classname="com.example.instagram.Instagram" name="uploadImageOnInstagram" time="22.798"/>
  <system-out/>
</testsuite> <!-- com.example.instagram.Instagram -->
