<?xml version="1.0" encoding="UTF-8"?>
<!-- Generated by org.testng.reporters.JUnitReportReporter -->
<testsuite hostname="ImransDell" failures="0" tests="1" name="com.example.socialmedia.Instagram" time="36.424" errors="0" timestamp="2023-11-06T12:38:58 IST" skipped="0">
  <testcase classname="com.example.socialmedia.Instagram" name="uploadImageOnInstagram" time="36.424"/>
  <system-out/>
</testsuite> <!-- com.example.socialmedia.Instagram -->
