<?xml version="1.0" encoding="UTF-8"?>
<!-- Generated by org.testng.reporters.JUnitReportReporter -->
<testsuite hostname="ImransDell" failures="0" tests="1" name="com.example.facebook.Facebook" time="181.311" errors="0" timestamp="2023-11-02T12:07:58 IST" skipped="0">
  <testcase classname="com.example.facebook.Facebook" name="uploadImageOnFacebook" time="181.311"/>
  <system-out/>
</testsuite> <!-- com.example.facebook.Facebook -->
